<?xml version="1.0" encoding="UTF-8"?>
<!-- Generated by org.testng.reporters.JUnitXMLReporter -->
<testsuite ignored="0" hostname="Govi-PC" failures="0" tests="6" name="Testng" time="37.158" errors="0" timestamp="2024-11-28T00:54:24 IST">
  <testcase classname="TestCases.TC004_LoginDDT" name="verify_loginDDT" time="3.055"/>
  <testcase classname="TestCases.TC004_LoginDDT" name="verify_loginDDT" time="1.559"/>
  <testcase classname="TestCases.TC004_LoginDDT" name="verify_loginDDT" time="1.524"/>
  <testcase classname="TestCases.TC004_LoginDDT" name="verify_loginDDT" time="10.987"/>
  <testcase classname="TestCases.TC004_LoginDDT" name="verify_loginDDT" time="2.055"/>
  <testcase classname="TestCases.TC004_LoginDDT" name="verify_loginDDT" time="11.06"/>
</testsuite> <!-- Testng -->
