<?xml version="1.0" encoding="UTF-8"?>
<testng-results ignored="0" total="1" passed="1" failed="0" skipped="0">
  <reporter-output>
  </reporter-output>
  <suite started-at="2024-11-27T00:48:42 IST" name="Suite" finished-at="2024-11-27T00:48:49 IST" duration-ms="6402">
    <groups>
      <group name="Master">
        <method signature="TC001_AccountRegistration.VerifyRegistrationFunctionality()[pri:0, instance:TestCases.TC001_AccountRegistration@50687efb]" name="VerifyRegistrationFunctionality" class="TestCases.TC001_AccountRegistration"/>
      </group> <!-- Master -->
    </groups>
    <test started-at="2024-11-27T00:48:42 IST" name="Testng" finished-at="2024-11-27T00:48:49 IST" duration-ms="6402">
      <class name="TestCases.TC001_AccountRegistration">
        <test-method is-config="true" signature="Setup(java.lang.String,java.lang.String)[pri:0, instance:TestCases.TC001_AccountRegistration@50687efb]" started-at="2024-11-27T00:48:42 IST" name="Setup" finished-at="2024-11-27T00:48:46 IST" duration-ms="3390" status="PASS">
          <params>
            <param index="0">
              <value>
                <![CDATA[Windows]]>
              </value>
            </param>
            <param index="1">
              <value>
                <![CDATA[Chrome]]>
              </value>
            </param>
          </params>
          <reporter-output>
          </reporter-output>
        </test-method> <!-- Setup -->
        <test-method signature="VerifyRegistrationFunctionality()[pri:0, instance:TestCases.TC001_AccountRegistration@50687efb]" started-at="2024-11-27T00:48:46 IST" name="VerifyRegistrationFunctionality" finished-at="2024-11-27T00:48:48 IST" duration-ms="2647" status="PASS">
          <reporter-output>
          </reporter-output>
        </test-method> <!-- VerifyRegistrationFunctionality -->
        <test-method is-config="true" signature="Teardown()[pri:0, instance:TestCases.TC001_AccountRegistration@50687efb]" started-at="2024-11-27T00:48:48 IST" name="Teardown" finished-at="2024-11-27T00:48:49 IST" duration-ms="202" status="PASS">
          <reporter-output>
          </reporter-output>
        </test-method> <!-- Teardown -->
      </class> <!-- TestCases.TC001_AccountRegistration -->
    </test> <!-- Testng -->
  </suite> <!-- Suite -->
</testng-results>
