<?xml version="1.0" encoding="UTF-8"?>
<testng-results ignored="0" total="1" passed="1" failed="0" skipped="0">
  <reporter-output>
  </reporter-output>
  <suite started-at="2024-11-28T01:36:58 IST" name="Suite" finished-at="2024-11-28T01:37:03 IST" duration-ms="4617">
    <groups>
      <group name="Sanity">
        <method signature="TC002_VerifyLoginFunctionality.Verify_LoginFunctionality()[pri:0, instance:TestCases.TC002_VerifyLoginFunctionality@50687efb]" name="Verify_LoginFunctionality" class="TestCases.TC002_VerifyLoginFunctionality"/>
      </group> <!-- Sanity -->
    </groups>
    <test started-at="2024-11-28T01:36:58 IST" name="Testng" finished-at="2024-11-28T01:37:03 IST" duration-ms="4617">
      <class name="TestCases.TC002_VerifyLoginFunctionality">
        <test-method is-config="true" signature="Setup(java.lang.String,java.lang.String)[pri:0, instance:TestCases.TC002_VerifyLoginFunctionality@50687efb]" started-at="2024-11-28T01:36:58 IST" name="Setup" finished-at="2024-11-28T01:37:01 IST" duration-ms="2899" status="PASS">
          <params>
            <param index="0">
              <value>
                <![CDATA[Windows]]>
              </value>
            </param>
            <param index="1">
              <value>
                <![CDATA[Chrome]]>
              </value>
            </param>
          </params>
          <reporter-output>
          </reporter-output>
        </test-method> <!-- Setup -->
        <test-method signature="Verify_LoginFunctionality()[pri:0, instance:TestCases.TC002_VerifyLoginFunctionality@50687efb]" started-at="2024-11-28T01:37:01 IST" name="Verify_LoginFunctionality" finished-at="2024-11-28T01:37:03 IST" duration-ms="1324" status="PASS">
          <reporter-output>
          </reporter-output>
        </test-method> <!-- Verify_LoginFunctionality -->
        <test-method is-config="true" signature="Teardown()[pri:0, instance:TestCases.TC002_VerifyLoginFunctionality@50687efb]" started-at="2024-11-28T01:37:03 IST" name="Teardown" finished-at="2024-11-28T01:37:03 IST" duration-ms="229" status="PASS">
          <reporter-output>
          </reporter-output>
        </test-method> <!-- Teardown -->
      </class> <!-- TestCases.TC002_VerifyLoginFunctionality -->
    </test> <!-- Testng -->
  </suite> <!-- Suite -->
</testng-results>
